This is pdfTeX, Version 3.14159265-2.6-1.40.15 (TeX Live 2014) (preloaded format=pdflatex 2015.2.3)  4 FEB 2015 10:05
entering extended mode
 restricted \write18 enabled.
 file:line:error style messages enabled.
 %&-line parsing enabled.
**main-TMC.tex
(./main-TMC.tex
LaTeX2e <2014/05/01>
Babel <3.9k> and hyphenation patterns for 78 languages loaded.
(./IEEEtran.cls
Document Class: IEEEtran 2012/11/21 V1.8c by Harald Hanche-Olsen and Anders Chr
istensen
-- Based on V1.7a by Michael Shell
-- See the "IEEEtran_HOWTO" manual for usage information.
-- http://www.michaelshell.org/tex/ieeetran/
\@IEEEtrantmpdimenA=\dimen102
\@IEEEtrantmpdimenB=\dimen103
\@IEEEtrantmpcountA=\count79
\@IEEEtrantmpcountB=\count80
\@IEEEtrantmptoksA=\toks14
-- Using IEEE Computer Society mode.
LaTeX Font Info:    Try loading font information for OT1+ppl on input line 373.

(/usr/local/texlive/2014/texmf-dist/tex/latex/psnfss/ot1ppl.fd
File: ot1ppl.fd 2001/06/04 font definitions for OT1/ppl.
)
-- Using 8.5in x 11in (letter) paper.
-- Using PDF output.
\@IEEEnormalsizeunitybaselineskip=\dimen104
-- This is a 10 point document.
\CLASSINFOnormalsizebaselineskip=\dimen105
\CLASSINFOnormalsizeunitybaselineskip=\dimen106
\IEEEnormaljot=\dimen107
LaTeX Font Info:    Font shape `OT1/ppl/bx/n' in size <5> not available
(Font)              Font shape `OT1/ppl/b/n' tried instead on input line 731.
LaTeX Font Info:    Font shape `OT1/ppl/bx/it' in size <5> not available
(Font)              Font shape `OT1/ppl/b/it' tried instead on input line 731.
LaTeX Font Info:    Font shape `OT1/ppl/bx/n' in size <7> not available
(Font)              Font shape `OT1/ppl/b/n' tried instead on input line 731.
LaTeX Font Info:    Font shape `OT1/ppl/bx/it' in size <7> not available
(Font)              Font shape `OT1/ppl/b/it' tried instead on input line 731.
LaTeX Font Info:    Font shape `OT1/ppl/bx/n' in size <8> not available
(Font)              Font shape `OT1/ppl/b/n' tried instead on input line 731.
LaTeX Font Info:    Font shape `OT1/ppl/bx/it' in size <8> not available
(Font)              Font shape `OT1/ppl/b/it' tried instead on input line 731.
LaTeX Font Info:    Font shape `OT1/ppl/bx/n' in size <9> not available
(Font)              Font shape `OT1/ppl/b/n' tried instead on input line 731.
LaTeX Font Info:    Font shape `OT1/ppl/bx/it' in size <9> not available
(Font)              Font shape `OT1/ppl/b/it' tried instead on input line 731.
LaTeX Font Info:    Font shape `OT1/ppl/bx/n' in size <10> not available
(Font)              Font shape `OT1/ppl/b/n' tried instead on input line 731.
LaTeX Font Info:    Font shape `OT1/ppl/bx/it' in size <10> not available
(Font)              Font shape `OT1/ppl/b/it' tried instead on input line 731.
LaTeX Font Info:    Font shape `OT1/ppl/bx/n' in size <11> not available
(Font)              Font shape `OT1/ppl/b/n' tried instead on input line 731.
LaTeX Font Info:    Font shape `OT1/ppl/bx/it' in size <11> not available
(Font)              Font shape `OT1/ppl/b/it' tried instead on input line 731.
LaTeX Font Info:    Font shape `OT1/ppl/bx/n' in size <12> not available
(Font)              Font shape `OT1/ppl/b/n' tried instead on input line 731.
LaTeX Font Info:    Font shape `OT1/ppl/bx/it' in size <12> not available
(Font)              Font shape `OT1/ppl/b/it' tried instead on input line 731.
LaTeX Font Info:    Font shape `OT1/ppl/bx/n' in size <17> not available
(Font)              Font shape `OT1/ppl/b/n' tried instead on input line 731.
LaTeX Font Info:    Font shape `OT1/ppl/bx/it' in size <17> not available
(Font)              Font shape `OT1/ppl/b/it' tried instead on input line 731.
LaTeX Font Info:    Font shape `OT1/ppl/bx/n' in size <20> not available
(Font)              Font shape `OT1/ppl/b/n' tried instead on input line 731.
LaTeX Font Info:    Font shape `OT1/ppl/bx/it' in size <20> not available
(Font)              Font shape `OT1/ppl/b/it' tried instead on input line 731.
LaTeX Font Info:    Font shape `OT1/ppl/bx/n' in size <24> not available
(Font)              Font shape `OT1/ppl/b/n' tried instead on input line 731.
LaTeX Font Info:    Font shape `OT1/ppl/bx/it' in size <24> not available
(Font)              Font shape `OT1/ppl/b/it' tried instead on input line 731.
\IEEEilabelindentA=\dimen108
\IEEEilabelindentB=\dimen109
\IEEEilabelindent=\dimen110
\IEEEelabelindent=\dimen111
\IEEEdlabelindent=\dimen112
\IEEElabelindent=\dimen113
\IEEEiednormlabelsep=\dimen114
\IEEEiedmathlabelsep=\dimen115
\IEEEiedtopsep=\skip41
\c@section=\count81
\c@subsection=\count82
\c@subsubsection=\count83
\c@paragraph=\count84
\c@IEEEsubequation=\count85
\abovecaptionskip=\skip42
\belowcaptionskip=\skip43
\c@figure=\count86
\c@table=\count87
\@IEEEeqnnumcols=\count88
\@IEEEeqncolcnt=\count89
\@IEEEtmpitemindent=\dimen116
\c@IEEEbiography=\count90
\@IEEEtranrubishbin=\box26
) (/usr/local/texlive/2014/texmf-dist/tex/latex/psfrag/psfrag.sty
Package: psfrag 1998/04/11 v3.04 PSfrag (MCG)

(/usr/local/texlive/2014/texmf-dist/tex/latex/graphics/graphics.sty
Package: graphics 2009/02/05 v1.0o Standard LaTeX Graphics (DPC,SPQR)

(/usr/local/texlive/2014/texmf-dist/tex/latex/graphics/trig.sty
Package: trig 1999/03/16 v1.09 sin cos tan (DPC)
)
(/usr/local/texlive/2014/texmf-dist/tex/latex/latexconfig/graphics.cfg
File: graphics.cfg 2010/04/23 v1.9 graphics configuration of TeX Live
)
Package graphics Info: Driver file: pdftex.def on input line 91.

(/usr/local/texlive/2014/texmf-dist/tex/latex/pdftex-def/pdftex.def
File: pdftex.def 2011/05/27 v0.06d Graphics/color for pdfTeX

(/usr/local/texlive/2014/texmf-dist/tex/generic/oberdiek/infwarerr.sty
Package: infwarerr 2010/04/08 v1.3 Providing info/warning/error messages (HO)
)
(/usr/local/texlive/2014/texmf-dist/tex/generic/oberdiek/ltxcmds.sty
Package: ltxcmds 2011/11/09 v1.22 LaTeX kernel commands for general use (HO)
)
\Gread@gobject=\count91
))
\pfg@pcount=\count92
\pfg@scount=\count93
\pfg@temp=\write3
)
(/usr/local/texlive/2014/texmf-dist/tex/latex/subfigure/subfigure.sty
Package: subfigure 2002/03/15 v2.1.5 subfigure package
\subfigtopskip=\skip44
\subfigcapskip=\skip45
\subfigcaptopadj=\dimen117
\subfigbottomskip=\skip46
\subfigcapmargin=\dimen118
\subfiglabelskip=\skip47
\c@subfigure=\count94
\c@lofdepth=\count95
\c@subtable=\count96
\c@lotdepth=\count97

****************************************
* Local config file subfigure.cfg used *
****************************************
(/usr/local/texlive/2014/texmf-dist/tex/latex/subfigure/subfigure.cfg)
\subfig@top=\skip48
\subfig@bottom=\skip49
)
(/usr/local/texlive/2014/texmf-dist/tex/latex/amsmath/amsmath.sty
Package: amsmath 2013/01/14 v2.14 AMS math features
\@mathmargin=\skip50

For additional information on amsmath, use the `?' option.
(/usr/local/texlive/2014/texmf-dist/tex/latex/amsmath/amstext.sty
Package: amstext 2000/06/29 v2.01

(/usr/local/texlive/2014/texmf-dist/tex/latex/amsmath/amsgen.sty
File: amsgen.sty 1999/11/30 v2.0
\@emptytoks=\toks15
\ex@=\dimen119
))
(/usr/local/texlive/2014/texmf-dist/tex/latex/amsmath/amsbsy.sty
Package: amsbsy 1999/11/29 v1.2d
\pmbraise@=\dimen120
)
(/usr/local/texlive/2014/texmf-dist/tex/latex/amsmath/amsopn.sty
Package: amsopn 1999/12/14 v2.01 operator names
)
\inf@bad=\count98
LaTeX Info: Redefining \frac on input line 210.
\uproot@=\count99
\leftroot@=\count100
LaTeX Info: Redefining \overline on input line 306.
\classnum@=\count101
\DOTSCASE@=\count102
LaTeX Info: Redefining \ldots on input line 378.
LaTeX Info: Redefining \dots on input line 381.
LaTeX Info: Redefining \cdots on input line 466.
\Mathstrutbox@=\box27
\strutbox@=\box28
\big@size=\dimen121
LaTeX Font Info:    Redeclaring font encoding OML on input line 566.
LaTeX Font Info:    Redeclaring font encoding OMS on input line 567.
\macc@depth=\count103
\c@MaxMatrixCols=\count104
\dotsspace@=\muskip10
\c@parentequation=\count105
\dspbrk@lvl=\count106
\tag@help=\toks16
\row@=\count107
\column@=\count108
\maxfields@=\count109
\andhelp@=\toks17
\eqnshift@=\dimen122
\alignsep@=\dimen123
\tagshift@=\dimen124
\tagwidth@=\dimen125
\totwidth@=\dimen126
\lineht@=\dimen127
\@envbody=\toks18
\multlinegap=\skip51
\multlinetaggap=\skip52
\mathdisplay@stack=\toks19
LaTeX Info: Redefining \[ on input line 2665.
LaTeX Info: Redefining \] on input line 2666.
)
(/usr/local/texlive/2014/texmf-dist/tex/latex/booktabs/booktabs.sty
Package: booktabs 2005/04/14 v1.61803 publication quality tables
\heavyrulewidth=\dimen128
\lightrulewidth=\dimen129
\cmidrulewidth=\dimen130
\belowrulesep=\dimen131
\belowbottomsep=\dimen132
\aboverulesep=\dimen133
\abovetopsep=\dimen134
\cmidrulesep=\dimen135
\cmidrulekern=\dimen136
\defaultaddspace=\dimen137
\@cmidla=\count110
\@cmidlb=\count111
\@aboverulesep=\dimen138
\@belowrulesep=\dimen139
\@thisruleclass=\count112
\@lastruleclass=\count113
\@thisrulewidth=\dimen140
)
(/usr/local/texlive/2014/texmf-dist/tex/latex/multirow/multirow.sty
\bigstrutjot=\dimen141
)
(/usr/local/texlive/2014/texmf-dist/tex/latex/tools/multicol.sty
Package: multicol 2014/04/23 v1.8e multicolumn formatting (FMi)
\c@tracingmulticols=\count114
\mult@box=\box29
\multicol@leftmargin=\dimen142
\c@unbalance=\count115
\c@collectmore=\count116
\doublecol@number=\count117
\multicoltolerance=\count118
\multicolpretolerance=\count119
\full@width=\dimen143
\page@free=\dimen144
\premulticols=\dimen145
\postmulticols=\dimen146
\multicolsep=\skip53
\multicolbaselineskip=\skip54
\partial@page=\box30
\last@line=\box31
\maxbalancingoverflow=\dimen147
\mult@rightbox=\box32
\mult@grightbox=\box33
\mult@gfirstbox=\box34
\mult@firstbox=\box35
\@tempa=\box36
\@tempa=\box37
\@tempa=\box38
\@tempa=\box39
\@tempa=\box40
\@tempa=\box41
\@tempa=\box42
\@tempa=\box43
\@tempa=\box44
\@tempa=\box45
\@tempa=\box46
\@tempa=\box47
\@tempa=\box48
\@tempa=\box49
\@tempa=\box50
\@tempa=\box51
\@tempa=\box52
\c@columnbadness=\count120
\c@finalcolumnbadness=\count121
\last@try=\dimen148
\multicolovershoot=\dimen149
\multicolundershoot=\dimen150
\mult@nat@firstbox=\box53
\colbreak@box=\box54
\mc@col@check@num=\count122
)
(./slashbox.sty
slashbox style by K.Yasuoka, May 1993.
\@slashboxa=\box55
\@slashboxb=\box56
\@slashboxc=\box57
\@slashboxwd=\count123
\@slashboxht=\count124
\@slashsepl=\dimen151
\@slashsepr=\dimen152
) (/usr/local/texlive/2014/texmf-dist/tex/latex/algorithms/algorithm.sty
Package: algorithm 2009/08/24 v0.1 Document Style `algorithm' - floating enviro
nment

(/usr/local/texlive/2014/texmf-dist/tex/latex/float/float.sty
Package: float 2001/11/08 v1.3d Float enhancements (AL)
\c@float@type=\count125
\float@exts=\toks20
\float@box=\box58
\@float@everytoks=\toks21
\@floatcapt=\box59
)
(/usr/local/texlive/2014/texmf-dist/tex/latex/base/ifthen.sty
Package: ifthen 2001/05/26 v1.1c Standard LaTeX ifthen package (DPC)
)
\@float@every@algorithm=\toks22
\c@algorithm=\count126
)
(/usr/local/texlive/2014/texmf-dist/tex/latex/algorithms/algorithmic.sty
Package: algorithmic 2009/08/24 v0.1 Document Style `algorithmic'

(/usr/local/texlive/2014/texmf-dist/tex/latex/graphics/keyval.sty
Package: keyval 2014/05/08 v1.15 key=value parser (DPC)
\KV@toks@=\toks23
)
\c@ALC@unique=\count127
\c@ALC@line=\count128
\c@ALC@rem=\count129
\c@ALC@depth=\count130
\ALC@tlm=\skip55
\algorithmicindent=\skip56
)
(/usr/local/texlive/2014/texmf-dist/tex/latex/graphics/graphicx.sty
Package: graphicx 2014/04/25 v1.0g Enhanced LaTeX Graphics (DPC,SPQR)
\Gin@req@height=\dimen153
\Gin@req@width=\dimen154
)
(/usr/local/texlive/2014/texmf-dist/tex/latex/oberdiek/epstopdf.sty
Package: epstopdf 2010/02/09 v2.5 Conversion with epstopdf on the fly (HO)

(/usr/local/texlive/2014/texmf-dist/tex/latex/oberdiek/epstopdf-base.sty
Package: epstopdf-base 2010/02/09 v2.5 Base part for package epstopdf

(/usr/local/texlive/2014/texmf-dist/tex/latex/oberdiek/grfext.sty
Package: grfext 2010/08/19 v1.1 Manage graphics extensions (HO)

(/usr/local/texlive/2014/texmf-dist/tex/generic/oberdiek/kvdefinekeys.sty
Package: kvdefinekeys 2011/04/07 v1.3 Define keys (HO)
))
(/usr/local/texlive/2014/texmf-dist/tex/latex/oberdiek/kvoptions.sty
Package: kvoptions 2011/06/30 v3.11 Key value format for package options (HO)

(/usr/local/texlive/2014/texmf-dist/tex/generic/oberdiek/kvsetkeys.sty
Package: kvsetkeys 2012/04/25 v1.16 Key value parser (HO)

(/usr/local/texlive/2014/texmf-dist/tex/generic/oberdiek/etexcmds.sty
Package: etexcmds 2011/02/16 v1.5 Avoid name clashes with e-TeX commands (HO)

(/usr/local/texlive/2014/texmf-dist/tex/generic/oberdiek/ifluatex.sty
Package: ifluatex 2010/03/01 v1.3 Provides the ifluatex switch (HO)
Package ifluatex Info: LuaTeX not detected.
)
Package etexcmds Info: Could not find \expanded.
(etexcmds)             That can mean that you are not using pdfTeX 1.50 or
(etexcmds)             that some package has redefined \expanded.
(etexcmds)             In the latter case, load this package earlier.
)))
(/usr/local/texlive/2014/texmf-dist/tex/generic/oberdiek/pdftexcmds.sty
Package: pdftexcmds 2011/11/29 v0.20 Utility functions of pdfTeX for LuaTeX (HO
)

(/usr/local/texlive/2014/texmf-dist/tex/generic/oberdiek/ifpdf.sty
Package: ifpdf 2011/01/30 v2.3 Provides the ifpdf switch (HO)
Package ifpdf Info: pdfTeX in PDF mode is detected.
)
Package pdftexcmds Info: LuaTeX not detected.
Package pdftexcmds Info: \pdf@primitive is available.
Package pdftexcmds Info: \pdf@ifprimitive is available.
Package pdftexcmds Info: \pdfdraftmode found.
)
Package grfext Info: Graphics extension search list:
(grfext)             [.png,.pdf,.jpg,.mps,.jpeg,.jbig2,.jb2,.PNG,.PDF,.JPG,.JPE
G,.JBIG2,.JB2,.eps]
(grfext)             \AppendGraphicsExtensions on input line 452.

(/usr/local/texlive/2014/texmf-dist/tex/latex/latexconfig/epstopdf-sys.cfg
File: epstopdf-sys.cfg 2010/07/13 v1.3 Configuration of (r)epstopdf for TeX Liv
e
)))
(/usr/local/texlive/2014/texmf-dist/tex/latex/graphics/epsfig.sty
Package: epsfig 1999/02/16 v1.7a (e)psfig emulation (SPQR)
\epsfxsize=\dimen155
\epsfysize=\dimen156
)
(/usr/local/texlive/2014/texmf-dist/tex/latex/tools/bm.sty
Package: bm 2004/02/26 v1.1c Bold Symbol Support (DPC/FMi)
\symboldoperators=\mathgroup4
\symboldletters=\mathgroup5
\symboldsymbols=\mathgroup6
LaTeX Font Info:    Redeclaring math alphabet \mathbf on input line 137.
LaTeX Info: Redefining \bm on input line 203.
)
\c@theorem=\count131
\c@prop=\count132


LaTeX Warning: Unused global option(s):
    [cspaper].

(./main-TMC.aux)
\openout1 = `main-TMC.aux'.

LaTeX Font Info:    Checking defaults for OML/cmm/m/it on input line 409.
LaTeX Font Info:    ... okay on input line 409.
LaTeX Font Info:    Checking defaults for T1/cmr/m/n on input line 409.
LaTeX Font Info:    ... okay on input line 409.
LaTeX Font Info:    Checking defaults for OT1/cmr/m/n on input line 409.
LaTeX Font Info:    ... okay on input line 409.
LaTeX Font Info:    Checking defaults for OMS/cmsy/m/n on input line 409.
LaTeX Font Info:    ... okay on input line 409.
LaTeX Font Info:    Checking defaults for OMX/cmex/m/n on input line 409.
LaTeX Font Info:    ... okay on input line 409.
LaTeX Font Info:    Checking defaults for U/cmr/m/n on input line 409.
LaTeX Font Info:    ... okay on input line 409.

(/usr/local/texlive/2014/texmf-dist/tex/context/base/supp-pdf.mkii
[Loading MPS to PDF converter (version 2006.09.02).]
\scratchcounter=\count133
\scratchdimen=\dimen157
\scratchbox=\box60
\nofMPsegments=\count134
\nofMParguments=\count135
\everyMPshowfont=\toks24
\MPscratchCnt=\count136
\MPscratchDim=\dimen158
\MPnumerator=\count137
\makeMPintoPDFobject=\count138
\everyMPtoPDFconversion=\toks25
)
LaTeX Font Info:    Try loading font information for OT1+phv on input line 476.

 (/usr/local/texlive/2014/texmf-dist/tex/latex/psnfss/ot1phv.fd
File: ot1phv.fd 2001/06/04 scalable font definitions for OT1/phv.
)
LaTeX Font Info:    Font shape `OT1/phv/m/it' in size <11> not available
(Font)              Font shape `OT1/phv/m/sl' tried instead on input line 476.
LaTeX Font Info:    Font shape `OT1/phv/bx/n' in size <8> not available
(Font)              Font shape `OT1/phv/b/n' tried instead on input line 476.

(./s0-abstract.tex
LaTeX Font Info:    Try loading font information for OT1+pcr on input line 28.

(/usr/local/texlive/2014/texmf-dist/tex/latex/psnfss/ot1pcr.fd
File: ot1pcr.fd 2001/06/04 font definitions for OT1/pcr.
))
** ATTENTION: \keywords is deprecated (line 476). Use \IEEEkeywords instead.
LaTeX Font Info:    Calculating math sizes for size <11> on input line 476.
LaTeX Font Info:    Try loading font information for U+pzd on input line 476.
(/usr/local/texlive/2014/texmf-dist/tex/latex/psnfss/upzd.fd
File: upzd.fd 2001/06/04 font definitions for U/pzd.
) (./s1-intro.tex
LaTeX Font Info:    Font shape `OT1/phv/bx/n' in size <12> not available
(Font)              Font shape `OT1/phv/b/n' tried instead on input line 2.
LaTeX Font Info:    Font shape `OT1/phv/bx/sc' in size <12> not available
(Font)              Font shape `OT1/phv/b/sc' tried instead on input line 2.

[1
Non-PDF special ignored!{/usr/local/texlive/2014/texmf-var/fonts/map/pdftex/upd
map/pdftex.map}


]
LaTeX Font Info:    Font shape `OT1/phv/bx/n' in size <10> not available
(Font)              Font shape `OT1/phv/b/n' tried instead on input line 107.
) (./s2-problem.tex
Package epstopdf Info: Source file: <./figures/FIG_architecure.eps>
(epstopdf)                    date: 2015-02-03 16:49:55
(epstopdf)                    size: 241200 bytes
(epstopdf)             Output file: <./figures/FIG_architecure-eps-converted-to
.pdf>
(epstopdf)                    date: 2015-02-04 10:02:07
(epstopdf)                    size: 65374 bytes
(epstopdf)             Command: <repstopdf --outfile=./figures/FIG_architecure-
eps-converted-to.pdf ./figures/FIG_architecure.eps>
(epstopdf)             \includegraphics on input line 13.
Package epstopdf Info: Output file is already uptodate.

<./figures/FIG_architecure-eps-converted-to.pdf, id=12, 499.8675pt x 373.395pt>
File: ./figures/FIG_architecure-eps-converted-to.pdf Graphic file (type pdf)
<use ./figures/FIG_architecure-eps-converted-to.pdf>
Package pdftex.def Info: ./figures/FIG_architecure-eps-converted-to.pdf used on
 input line 13.
(pdftex.def)             Requested size: 499.86627pt x 373.39409pt.
 [2 <./figures/FIG_architecure-eps-converted-to.pdf>]
Package epstopdf Info: Source file: <./figures/FIG_capture_a_PHY.eps>
(epstopdf)                    date: 2015-02-03 16:49:55
(epstopdf)                    size: 35233 bytes
(epstopdf)             Output file: <./figures/FIG_capture_a_PHY-eps-converted-
to.pdf>
(epstopdf)                    date: 2015-02-04 10:02:08
(epstopdf)                    size: 11575 bytes
(epstopdf)             Command: <repstopdf --outfile=./figures/FIG_capture_a_PH
Y-eps-converted-to.pdf ./figures/FIG_capture_a_PHY.eps>
(epstopdf)             \includegraphics on input line 108.
Package epstopdf Info: Output file is already uptodate.

<./figures/FIG_capture_a_PHY-eps-converted-to.pdf, id=54, 272.01625pt x 89.3337
6pt>
File: ./figures/FIG_capture_a_PHY-eps-converted-to.pdf Graphic file (type pdf)
 <use ./figures/FIG_capture_a_PHY-eps-converted-to.pdf>
Package pdftex.def Info: ./figures/FIG_capture_a_PHY-eps-converted-to.pdf used 
on input line 108.
(pdftex.def)             Requested size: 272.01558pt x 82.22038pt.
Package epstopdf Info: Source file: <./figures/FIG_capture_b_MIM.eps>
(epstopdf)                    date: 2015-02-03 16:49:55
(epstopdf)                    size: 35536 bytes
(epstopdf)             Output file: <./figures/FIG_capture_b_MIM-eps-converted-
to.pdf>
(epstopdf)                    date: 2015-02-04 10:02:09
(epstopdf)                    size: 11356 bytes
(epstopdf)             Command: <repstopdf --outfile=./figures/FIG_capture_b_MI
M-eps-converted-to.pdf ./figures/FIG_capture_b_MIM.eps>
(epstopdf)             \includegraphics on input line 112.
Package epstopdf Info: Output file is already uptodate.

<./figures/FIG_capture_b_MIM-eps-converted-to.pdf, id=55, 338.26375pt x 81.3037
6pt>
File: ./figures/FIG_capture_b_MIM-eps-converted-to.pdf Graphic file (type pdf)
 <use ./figures/FIG_capture_b_MIM-eps-converted-to.pdf>
Package pdftex.def Info: ./figures/FIG_capture_b_MIM-eps-converted-to.pdf used 
on input line 112.
(pdftex.def)             Requested size: 338.26291pt x 74.1904pt.
Package epstopdf Info: Source file: <./figures/FIG_capture_c_MIM.eps>
(epstopdf)                    date: 2015-02-03 16:49:55
(epstopdf)                    size: 106365 bytes
(epstopdf)             Output file: <./figures/FIG_capture_c_MIM-eps-converted-
to.pdf>
(epstopdf)                    date: 2015-02-04 10:02:10
(epstopdf)                    size: 36868 bytes
(epstopdf)             Command: <repstopdf --outfile=./figures/FIG_capture_c_MI
M-eps-converted-to.pdf ./figures/FIG_capture_c_MIM.eps>
(epstopdf)             \includegraphics on input line 116.
Package epstopdf Info: Output file is already uptodate.

<./figures/FIG_capture_c_MIM-eps-converted-to.pdf, id=56, 400.49625pt x 158.592
5pt>
File: ./figures/FIG_capture_c_MIM-eps-converted-to.pdf Graphic file (type pdf)
 <use ./figures/FIG_capture_c_MIM-eps-converted-to.pdf>
Package pdftex.def Info: ./figures/FIG_capture_c_MIM-eps-converted-to.pdf used 
on input line 116.
(pdftex.def)             Requested size: 400.49527pt x 151.47894pt.

Underfull \vbox (badness 10000) has occurred while \output is active []

 [3 <./figures/FIG_capture_a_PHY-eps-converted-to.pdf> <./figures/FIG_capture_b
_MIM-eps-converted-to.pdf> <./figures/FIG_capture_c_MIM-eps-converted-to.pdf>])

(./s3-motive.tex
Package epstopdf Info: Source file: <./figures/FIG_sim_topo1.eps>
(epstopdf)                    date: 2015-02-03 16:49:55
(epstopdf)                    size: 54882 bytes
(epstopdf)             Output file: <./figures/FIG_sim_topo1-eps-converted-to.p
df>
(epstopdf)                    date: 2015-02-04 10:02:11
(epstopdf)                    size: 14412 bytes
(epstopdf)             Command: <repstopdf --outfile=./figures/FIG_sim_topo1-ep
s-converted-to.pdf ./figures/FIG_sim_topo1.eps>
(epstopdf)             \includegraphics on input line 18.
Package epstopdf Info: Output file is already uptodate.

<./figures/FIG_sim_topo1-eps-converted-to.pdf, id=212, 305.14pt x 171.64125pt>
File: ./figures/FIG_sim_topo1-eps-converted-to.pdf Graphic file (type pdf)

<use ./figures/FIG_sim_topo1-eps-converted-to.pdf>
Package pdftex.def Info: ./figures/FIG_sim_topo1-eps-converted-to.pdf used on i
nput line 18.
(pdftex.def)             Requested size: 305.13924pt x 171.64081pt.
Package epstopdf Info: Source file: <./figures/FIG_sim_topo2.eps>
(epstopdf)                    date: 2015-02-03 16:49:55
(epstopdf)                    size: 41367 bytes
(epstopdf)             Output file: <./figures/FIG_sim_topo2-eps-converted-to.p
df>
(epstopdf)                    date: 2015-02-04 10:02:12
(epstopdf)                    size: 11518 bytes
(epstopdf)             Command: <repstopdf --outfile=./figures/FIG_sim_topo2-ep
s-converted-to.pdf ./figures/FIG_sim_topo2.eps>
(epstopdf)             \includegraphics on input line 22.
Package epstopdf Info: Output file is already uptodate.

<./figures/FIG_sim_topo2-eps-converted-to.pdf, id=213, 315.1775pt x 179.67125pt
>
File: ./figures/FIG_sim_topo2-eps-converted-to.pdf Graphic file (type pdf)
 <use ./figures/FIG_sim_topo2-eps-converted-to.pdf>
Package pdftex.def Info: ./figures/FIG_sim_topo2-eps-converted-to.pdf used on i
nput line 22.
(pdftex.def)             Requested size: 315.17673pt x 179.67079pt.
Package epstopdf Info: Source file: <./figures/sim-motive-udp-M1.eps>
(epstopdf)                    date: 2015-02-03 16:49:55
(epstopdf)                    size: 24296 bytes
(epstopdf)             Output file: <./figures/sim-motive-udp-M1-eps-converted-
to.pdf>
(epstopdf)                    date: 2015-02-04 10:02:14
(epstopdf)                    size: 7787 bytes
(epstopdf)             Command: <repstopdf --outfile=./figures/sim-motive-udp-M
1-eps-converted-to.pdf ./figures/sim-motive-udp-M1.eps>
(epstopdf)             \includegraphics on input line 32.
Package epstopdf Info: Output file is already uptodate.

<./figures/sim-motive-udp-M1-eps-converted-to.pdf, id=214, 361.35pt x 151.56625
pt>
File: ./figures/sim-motive-udp-M1-eps-converted-to.pdf Graphic file (type pdf)
 <use ./figures/sim-motive-udp-M1-eps-converted-to.pdf>
Package pdftex.def Info: ./figures/sim-motive-udp-M1-eps-converted-to.pdf used 
on input line 32.
(pdftex.def)             Requested size: 361.34912pt x 151.56587pt.
Package epstopdf Info: Source file: <./figures/sim-motive-tcp-M1.eps>
(epstopdf)                    date: 2015-02-03 16:49:55
(epstopdf)                    size: 24222 bytes
(epstopdf)             Output file: <./figures/sim-motive-tcp-M1-eps-converted-
to.pdf>
(epstopdf)                    date: 2015-02-04 10:02:15
(epstopdf)                    size: 7704 bytes
(epstopdf)             Command: <repstopdf --outfile=./figures/sim-motive-tcp-M
1-eps-converted-to.pdf ./figures/sim-motive-tcp-M1.eps>
(epstopdf)             \includegraphics on input line 36.
Package epstopdf Info: Output file is already uptodate.

<./figures/sim-motive-tcp-M1-eps-converted-to.pdf, id=215, 361.35pt x 151.56625
pt>
File: ./figures/sim-motive-tcp-M1-eps-converted-to.pdf Graphic file (type pdf)
 <use ./figures/sim-motive-tcp-M1-eps-converted-to.pdf>
Package pdftex.def Info: ./figures/sim-motive-tcp-M1-eps-converted-to.pdf used 
on input line 36.
(pdftex.def)             Requested size: 361.34912pt x 151.56587pt.
Package epstopdf Info: Source file: <./figures/sim-motive-udp-M2.eps>
(epstopdf)                    date: 2015-02-03 16:49:55
(epstopdf)                    size: 24043 bytes
(epstopdf)             Output file: <./figures/sim-motive-udp-M2-eps-converted-
to.pdf>
(epstopdf)                    date: 2015-02-04 10:02:16
(epstopdf)                    size: 8030 bytes
(epstopdf)             Command: <repstopdf --outfile=./figures/sim-motive-udp-M
2-eps-converted-to.pdf ./figures/sim-motive-udp-M2.eps>
(epstopdf)             \includegraphics on input line 40.
Package epstopdf Info: Output file is already uptodate.

<./figures/sim-motive-udp-M2-eps-converted-to.pdf, id=216, 361.35pt x 151.56625
pt>
File: ./figures/sim-motive-udp-M2-eps-converted-to.pdf Graphic file (type pdf)
 <use ./figures/sim-motive-udp-M2-eps-converted-to.pdf>
Package pdftex.def Info: ./figures/sim-motive-udp-M2-eps-converted-to.pdf used 
on input line 40.
(pdftex.def)             Requested size: 361.34912pt x 151.56587pt.
Package epstopdf Info: Source file: <./figures/sim-motive-tcp-M2.eps>
(epstopdf)                    date: 2015-02-03 16:49:55
(epstopdf)                    size: 23718 bytes
(epstopdf)             Output file: <./figures/sim-motive-tcp-M2-eps-converted-
to.pdf>
(epstopdf)                    date: 2015-02-04 10:02:17
(epstopdf)                    size: 8168 bytes
(epstopdf)             Command: <repstopdf --outfile=./figures/sim-motive-tcp-M
2-eps-converted-to.pdf ./figures/sim-motive-tcp-M2.eps>
(epstopdf)             \includegraphics on input line 44.
Package epstopdf Info: Output file is already uptodate.

<./figures/sim-motive-tcp-M2-eps-converted-to.pdf, id=217, 361.35pt x 151.56625
pt>
File: ./figures/sim-motive-tcp-M2-eps-converted-to.pdf Graphic file (type pdf)
 <use ./figures/sim-motive-tcp-M2-eps-converted-to.pdf>
Package pdftex.def Info: ./figures/sim-motive-tcp-M2-eps-converted-to.pdf used 
on input line 44.
(pdftex.def)             Requested size: 361.34912pt x 151.56587pt.
 [4 <./figures/FIG_sim_topo1-eps-converted-to.pdf> <./figures/FIG_sim_topo2-eps
-converted-to.pdf> <./figures/sim-motive-udp-M1-eps-converted-to.pdf> <./figure
s/sim-motive-tcp-M1-eps-converted-to.pdf> <./figures/sim-motive-udp-M2-eps-conv
erted-to.pdf> <./figures/sim-motive-tcp-M2-eps-converted-to.pdf>]
Package epstopdf Info: Source file: <./figures/FIG_motive_topo_1a.eps>
(epstopdf)                    date: 2015-02-03 16:49:55
(epstopdf)                    size: 34694 bytes
(epstopdf)             Output file: <./figures/FIG_motive_topo_1a-eps-converted
-to.pdf>
(epstopdf)                    date: 2015-02-04 10:02:18
(epstopdf)                    size: 9352 bytes
(epstopdf)             Command: <repstopdf --outfile=./figures/FIG_motive_topo_
1a-eps-converted-to.pdf ./figures/FIG_motive_topo_1a.eps>
(epstopdf)             \includegraphics on input line 175.
Package epstopdf Info: Output file is already uptodate.

<./figures/FIG_motive_topo_1a-eps-converted-to.pdf, id=270, 194.7275pt x 113.42
375pt>
File: ./figures/FIG_motive_topo_1a-eps-converted-to.pdf Graphic file (type pdf)

 <use ./figures/FIG_motive_topo_1a-eps-converted-to.pdf>
Package pdftex.def Info: ./figures/FIG_motive_topo_1a-eps-converted-to.pdf used
 on input line 175.
(pdftex.def)             Requested size: 194.727pt x 106.31032pt.
Package epstopdf Info: Source file: <./figures/FIG_motive_topo_1b.eps>
(epstopdf)                    date: 2015-02-03 16:49:55
(epstopdf)                    size: 36383 bytes
(epstopdf)             Output file: <./figures/FIG_motive_topo_1b-eps-converted
-to.pdf>
(epstopdf)                    date: 2015-02-04 10:02:19
(epstopdf)                    size: 9902 bytes
(epstopdf)             Command: <repstopdf --outfile=./figures/FIG_motive_topo_
1b-eps-converted-to.pdf ./figures/FIG_motive_topo_1b.eps>
(epstopdf)             \includegraphics on input line 179.
Package epstopdf Info: Output file is already uptodate.

<./figures/FIG_motive_topo_1b-eps-converted-to.pdf, id=271, 248.93pt x 120.45pt
>
File: ./figures/FIG_motive_topo_1b-eps-converted-to.pdf Graphic file (type pdf)

 <use ./figures/FIG_motive_topo_1b-eps-converted-to.pdf>
Package pdftex.def Info: ./figures/FIG_motive_topo_1b-eps-converted-to.pdf used
 on input line 179.
(pdftex.def)             Requested size: 248.92938pt x 113.33655pt.
Package epstopdf Info: Source file: <./figures/FIG_sim-motiveA_24M.eps>
(epstopdf)                    date: 2015-02-03 16:49:55
(epstopdf)                    size: 21466 bytes
(epstopdf)             Output file: <./figures/FIG_sim-motiveA_24M-eps-converte
d-to.pdf>
(epstopdf)                    date: 2015-02-04 10:02:21
(epstopdf)                    size: 11673 bytes
(epstopdf)             Command: <repstopdf --outfile=./figures/FIG_sim-motiveA_
24M-eps-converted-to.pdf ./figures/FIG_sim-motiveA_24M.eps>
(epstopdf)             \includegraphics on input line 183.
Package epstopdf Info: Output file is already uptodate.

<./figures/FIG_sim-motiveA_24M-eps-converted-to.pdf, id=272, 361.35pt x 252.945
pt>
File: ./figures/FIG_sim-motiveA_24M-eps-converted-to.pdf Graphic file (type pdf
)
 <use ./figures/FIG_sim-motiveA_24M-eps-converted-to.pdf>
Package pdftex.def Info: ./figures/FIG_sim-motiveA_24M-eps-converted-to.pdf use
d on input line 183.
(pdftex.def)             Requested size: 361.34912pt x 245.83124pt.
Package epstopdf Info: Source file: <./figures/FIG_sim-motiveB_24M.eps>
(epstopdf)                    date: 2015-02-03 16:49:55
(epstopdf)                    size: 22438 bytes
(epstopdf)             Output file: <./figures/FIG_sim-motiveB_24M-eps-converte
d-to.pdf>
(epstopdf)                    date: 2015-02-04 10:02:22
(epstopdf)                    size: 12508 bytes
(epstopdf)             Command: <repstopdf --outfile=./figures/FIG_sim-motiveB_
24M-eps-converted-to.pdf ./figures/FIG_sim-motiveB_24M.eps>
(epstopdf)             \includegraphics on input line 187.
Package epstopdf Info: Output file is already uptodate.

<./figures/FIG_sim-motiveB_24M-eps-converted-to.pdf, id=273, 361.35pt x 252.945
pt>
File: ./figures/FIG_sim-motiveB_24M-eps-converted-to.pdf Graphic file (type pdf
)
 <use ./figures/FIG_sim-motiveB_24M-eps-converted-to.pdf>
Package pdftex.def Info: ./figures/FIG_sim-motiveB_24M-eps-converted-to.pdf use
d on input line 187.
(pdftex.def)             Requested size: 361.34912pt x 245.83124pt.

Underfull \hbox (badness 1694) in paragraph at lines 241--258
\OT1/ppl/m/n/10 fer-ent types of self-ish be-hav-ior ma-nip-u-lat-ing other
 []

Package epstopdf Info: Source file: <./figures/sim-comp_cw_N2.eps>
(epstopdf)                    date: 2015-02-03 16:49:55
(epstopdf)                    size: 23987 bytes
(epstopdf)             Output file: <./figures/sim-comp_cw_N2-eps-converted-to.
pdf>
(epstopdf)                    date: 2015-02-04 10:02:23
(epstopdf)                    size: 7257 bytes
(epstopdf)             Command: <repstopdf --outfile=./figures/sim-comp_cw_N2-e
ps-converted-to.pdf ./figures/sim-comp_cw_N2.eps>
(epstopdf)             \includegraphics on input line 264.
Package epstopdf Info: Output file is already uptodate.
<./figures/sim-comp_cw_N2-eps-converted-to.pdf, id=274, 216.81pt x 252.945pt>
File: ./figures/sim-comp_cw_N2-eps-converted-to.pdf Graphic file (type pdf)

<use ./figures/sim-comp_cw_N2-eps-converted-to.pdf>
Package pdftex.def Info: ./figures/sim-comp_cw_N2-eps-converted-to.pdf used on 
input line 264.
(pdftex.def)             Requested size: 188.35681pt x 238.71808pt.

Underfull \hbox (badness 10000) in paragraph at lines 264--264
[]\OT1/ppl/m/n/8 (a)
 []

Package epstopdf Info: Source file: <./figures/sim-comp_cw_N5.eps>
(epstopdf)                    date: 2015-02-03 16:49:55
(epstopdf)                    size: 23943 bytes
(epstopdf)             Output file: <./figures/sim-comp_cw_N5-eps-converted-to.
pdf>
(epstopdf)                    date: 2015-02-04 10:02:24
(epstopdf)                    size: 7266 bytes
(epstopdf)             Command: <repstopdf --outfile=./figures/sim-comp_cw_N5-e
ps-converted-to.pdf ./figures/sim-comp_cw_N5.eps>
(epstopdf)             \includegraphics on input line 268.
Package epstopdf Info: Output file is already uptodate.
<./figures/sim-comp_cw_N5-eps-converted-to.pdf, id=275, 216.81pt x 252.945pt>
File: ./figures/sim-comp_cw_N5-eps-converted-to.pdf Graphic file (type pdf)

<use ./figures/sim-comp_cw_N5-eps-converted-to.pdf>
Package pdftex.def Info: ./figures/sim-comp_cw_N5-eps-converted-to.pdf used on 
input line 268.
(pdftex.def)             Requested size: 188.35681pt x 238.71808pt.

Underfull \hbox (badness 10000) in paragraph at lines 268--268
[]\OT1/ppl/m/n/8 (b)
 []

Package epstopdf Info: Source file: <./figures/sim-sel-gain.eps>
(epstopdf)                    date: 2015-02-03 16:49:55
(epstopdf)                    size: 20318 bytes
(epstopdf)             Output file: <./figures/sim-sel-gain-eps-converted-to.pd
f>
(epstopdf)                    date: 2015-02-04 10:02:25
(epstopdf)                    size: 7361 bytes
(epstopdf)             Command: <repstopdf --outfile=./figures/sim-sel-gain-eps
-converted-to.pdf ./figures/sim-sel-gain.eps>
(epstopdf)             \includegraphics on input line 282.
Package epstopdf Info: Output file is already uptodate.
<./figures/sim-sel-gain-eps-converted-to.pdf, id=276, 361.35pt x 252.945pt>
File: ./figures/sim-sel-gain-eps-converted-to.pdf Graphic file (type pdf)

<use ./figures/sim-sel-gain-eps-converted-to.pdf>
Package pdftex.def Info: ./figures/sim-sel-gain-eps-converted-to.pdf used on in
put line 282.
(pdftex.def)             Requested size: 361.34912pt x 252.94438pt.
 [5 <./figures/FIG_motive_topo_1a-eps-converted-to.pdf> <./figures/FIG_motive_t
opo_1b-eps-converted-to.pdf> <./figures/FIG_sim-motiveA_24M-eps-converted-to.pd
f> <./figures/FIG_sim-motiveB_24M-eps-converted-to.pdf>]) (./s4-algorithm.tex
LaTeX Font Info:    Font shape `OT1/phv/m/it' in size <10> not available
(Font)              Font shape `OT1/phv/m/sl' tried instead on input line 74.
 [6 <./figures/sim-comp_cw_N2-eps-converted-to.pdf> <./figures/sim-comp_cw_N5-e
ps-converted-to.pdf> <./figures/sim-sel-gain-eps-converted-to.pdf>]) (./s6-conc
lusion.tex) [7]
Missing character: There is no Ô in font pplr7t!
Missing character: There is no ¨ in font pplr7t!
Missing character: There is no Å in font pplr7t!

Underfull \hbox (badness 10000) in paragraph at lines 727--729
[] \OT1/ppl/m/n/8 Wig-gle: Wire-less ge-o-graphic log-ging en-gine,
 []

[8] (./main-TMC.aux) ) 
Here is how much of TeX's memory you used:
 3930 strings out of 493117
 60105 string characters out of 6135434
 131142 words of memory out of 5000000
 7245 multiletter control sequences out of 15000+600000
 53425 words of font info for 115 fonts, out of 8000000 for 9000
 1144 hyphenation exceptions out of 8191
 42i,8n,29p,550b,316s stack positions out of 5000i,500n,10000p,200000b,80000s
{/usr/local/texlive/2014/texmf-dist/fonts/enc/dvips/base/
8r.enc}</usr/local/texlive/2014/texmf-dist/fonts/type1/public/amsfonts/cm/cmex1
0.pfb></usr/local/texlive/2014/texmf-dist/fonts/type1/public/amsfonts/cm/cmmi10
.pfb></usr/local/texlive/2014/texmf-dist/fonts/type1/public/amsfonts/cm/cmmi7.p
fb></usr/local/texlive/2014/texmf-dist/fonts/type1/public/amsfonts/cm/cmr10.pfb
></usr/local/texlive/2014/texmf-dist/fonts/type1/public/amsfonts/cm/cmr7.pfb></
usr/local/texlive/2014/texmf-dist/fonts/type1/public/amsfonts/cm/cmsy10.pfb></u
sr/local/texlive/2014/texmf-dist/fonts/type1/public/amsfonts/cm/cmsy7.pfb></usr
/local/texlive/2014/texmf-dist/fonts/type1/urw/courier/ucrr8a.pfb></usr/local/t
exlive/2014/texmf-dist/fonts/type1/urw/helvetic/uhvb8a.pfb></usr/local/texlive/
2014/texmf-dist/fonts/type1/urw/helvetic/uhvr8a.pfb></usr/local/texlive/2014/te
xmf-dist/fonts/type1/urw/helvetic/uhvro8a.pfb></usr/local/texlive/2014/texmf-di
st/fonts/type1/urw/palatino/uplb8a.pfb></usr/local/texlive/2014/texmf-dist/font
s/type1/urw/palatino/uplr8a.pfb></usr/local/texlive/2014/texmf-dist/fonts/type1
/urw/palatino/uplri8a.pfb></usr/local/texlive/2014/texmf-dist/fonts/type1/urw/z
apfding/uzdr.pfb>
Output written on main-TMC.pdf (8 pages, 380005 bytes).
PDF statistics:
 406 PDF objects out of 1000 (max. 8388607)
 245 compressed objects within 3 object streams
 0 named destinations out of 1000 (max. 500000)
 86 words of extra memory for PDF output out of 10000 (max. 10000000)

